2022-04-16 14:02:40.965  INFO 6188 --- [main] m.s.controller.MyControllerTest          : Starting MyControllerTest using Java 16.0.2 on mao with PID 6188 (started by mao in H:\程序\大三下期\spring_boot_web环境模拟测试)
2022-04-16 14:02:40.966 DEBUG 6188 --- [main] m.s.controller.MyControllerTest          : Running with Spring Boot v2.6.6, Spring v5.3.18
2022-04-16 14:02:40.967  INFO 6188 --- [main] m.s.controller.MyControllerTest          : The following 1 profile is active: "dev"
2022-04-16 14:02:41.985  INFO 6188 --- [main] o.s.b.w.embedded.tomcat.TomcatWebServer  : Tomcat initialized with port(s): 0 (http)
2022-04-16 14:02:41.997  INFO 6188 --- [main] o.apache.catalina.core.StandardService   : Starting service [Tomcat]
2022-04-16 14:02:41.998  INFO 6188 --- [main] org.apache.catalina.core.StandardEngine  : Starting Servlet engine: [Apache Tomcat/9.0.60]
2022-04-16 14:02:42.112  INFO 6188 --- [main] o.a.c.c.C.[Tomcat].[localhost].[/]       : Initializing Spring embedded WebApplicationContext
2022-04-16 14:02:42.112  INFO 6188 --- [main] w.s.c.ServletWebServerApplicationContext : Root WebApplicationContext: initialization completed in 1131 ms
2022-04-16 14:02:42.627  INFO 6188 --- [main] o.a.c.c.C.[Tomcat].[localhost].[/]       : Initializing Spring TestDispatcherServlet ''
2022-04-16 14:02:42.627  INFO 6188 --- [main] o.s.t.web.servlet.TestDispatcherServlet  : Initializing Servlet ''
2022-04-16 14:02:42.628  INFO 6188 --- [main] o.s.t.web.servlet.TestDispatcherServlet  : Completed initialization in 1 ms
2022-04-16 14:02:42.683  INFO 6188 --- [main] o.s.b.w.embedded.tomcat.TomcatWebServer  : Tomcat started on port(s): 63591 (http) with context path ''
2022-04-16 14:02:42.694  INFO 6188 --- [main] m.s.controller.MyControllerTest          : Started MyControllerTest in 2.14 seconds (JVM running for 3.051)
2022-04-16 14:02:53.961  INFO 16092 --- [main] tWebEnvironmentSimulationTestApplication : Starting SpringBootWebEnvironmentSimulationTestApplication using Java 16.0.2 on mao with PID 16092 (H:\程序\大三下期\spring_boot_web环境模拟测试\target\classes started by mao in H:\程序\大三下期\spring_boot_web环境模拟测试)
2022-04-16 14:02:53.963 DEBUG 16092 --- [main] tWebEnvironmentSimulationTestApplication : Running with Spring Boot v2.6.6, Spring v5.3.18
2022-04-16 14:02:53.964  INFO 16092 --- [main] tWebEnvironmentSimulationTestApplication : The following 1 profile is active: "dev"
2022-04-16 14:02:54.532  INFO 16092 --- [main] o.s.b.w.embedded.tomcat.TomcatWebServer  : Tomcat initialized with port(s): 8080 (http)
2022-04-16 14:02:54.538  INFO 16092 --- [main] o.apache.catalina.core.StandardService   : Starting service [Tomcat]
2022-04-16 14:02:54.538  INFO 16092 --- [main] org.apache.catalina.core.StandardEngine  : Starting Servlet engine: [Apache Tomcat/9.0.60]
2022-04-16 14:02:54.607  INFO 16092 --- [main] o.a.c.c.C.[Tomcat].[localhost].[/]       : Initializing Spring embedded WebApplicationContext
2022-04-16 14:02:54.607  INFO 16092 --- [main] w.s.c.ServletWebServerApplicationContext : Root WebApplicationContext: initialization completed in 607 ms
2022-04-16 14:02:54.826  INFO 16092 --- [main] o.s.b.w.embedded.tomcat.TomcatWebServer  : Tomcat started on port(s): 8080 (http) with context path ''
2022-04-16 14:02:54.835  INFO 16092 --- [main] tWebEnvironmentSimulationTestApplication : Started SpringBootWebEnvironmentSimulationTestApplication in 1.192 seconds (JVM running for 1.606)
2022-04-16 14:03:16.747  INFO 15056 --- [main] m.s.controller.MyControllerTest          : Starting MyControllerTest using Java 16.0.2 on mao with PID 15056 (started by mao in H:\程序\大三下期\spring_boot_web环境模拟测试)
2022-04-16 14:03:16.749 DEBUG 15056 --- [main] m.s.controller.MyControllerTest          : Running with Spring Boot v2.6.6, Spring v5.3.18
2022-04-16 14:03:16.749  INFO 15056 --- [main] m.s.controller.MyControllerTest          : The following 1 profile is active: "dev"
2022-04-16 14:03:17.749  INFO 15056 --- [main] o.s.b.w.embedded.tomcat.TomcatWebServer  : Tomcat initialized with port(s): 0 (http)
2022-04-16 14:03:17.759  INFO 15056 --- [main] o.apache.catalina.core.StandardService   : Starting service [Tomcat]
2022-04-16 14:03:17.759  INFO 15056 --- [main] org.apache.catalina.core.StandardEngine  : Starting Servlet engine: [Apache Tomcat/9.0.60]
2022-04-16 14:03:17.866  INFO 15056 --- [main] o.a.c.c.C.[Tomcat].[localhost].[/]       : Initializing Spring embedded WebApplicationContext
2022-04-16 14:03:17.866  INFO 15056 --- [main] w.s.c.ServletWebServerApplicationContext : Root WebApplicationContext: initialization completed in 1103 ms
2022-04-16 14:03:18.387  INFO 15056 --- [main] o.a.c.c.C.[Tomcat].[localhost].[/]       : Initializing Spring TestDispatcherServlet ''
2022-04-16 14:03:18.387  INFO 15056 --- [main] o.s.t.web.servlet.TestDispatcherServlet  : Initializing Servlet ''
2022-04-16 14:03:18.388  INFO 15056 --- [main] o.s.t.web.servlet.TestDispatcherServlet  : Completed initialization in 1 ms
2022-04-16 14:03:18.446  INFO 15056 --- [main] o.s.b.w.embedded.tomcat.TomcatWebServer  : Tomcat started on port(s): 63621 (http) with context path ''
2022-04-16 14:03:18.456  INFO 15056 --- [main] m.s.controller.MyControllerTest          : Started MyControllerTest in 2.06 seconds (JVM running for 2.895)
2022-04-16 14:03:19.009  INFO 15056 --- [main] .b.t.c.SpringBootTestContextBootstrapper : Neither @ContextConfiguration nor @ContextHierarchy found for test class [mao.spring_boot_web_environment_simulation_test.SpringBootWebEnvironmentSimulationTestApplicationTests], using SpringBootContextLoader
2022-04-16 14:03:19.010  INFO 15056 --- [main] o.s.t.c.support.AbstractContextLoader    : Could not detect default resource locations for test class [mao.spring_boot_web_environment_simulation_test.SpringBootWebEnvironmentSimulationTestApplicationTests]: no resource found for suffixes {-context.xml, Context.groovy}.
2022-04-16 14:03:19.010  INFO 15056 --- [main] t.c.s.AnnotationConfigContextLoaderUtils : Could not detect default configuration classes for test class [mao.spring_boot_web_environment_simulation_test.SpringBootWebEnvironmentSimulationTestApplicationTests]: SpringBootWebEnvironmentSimulationTestApplicationTests does not declare any static, non-private, non-final, nested classes annotated with @Configuration.
2022-04-16 14:03:19.016  INFO 15056 --- [main] .b.t.c.SpringBootTestContextBootstrapper : Found @SpringBootConfiguration mao.spring_boot_web_environment_simulation_test.SpringBootWebEnvironmentSimulationTestApplication for test class mao.spring_boot_web_environment_simulation_test.SpringBootWebEnvironmentSimulationTestApplicationTests
2022-04-16 14:03:19.018  INFO 15056 --- [main] .b.t.c.SpringBootTestContextBootstrapper : Loaded default TestExecutionListener class names from location [META-INF/spring.factories]: [org.springframework.boot.test.mock.mockito.MockitoTestExecutionListener, org.springframework.boot.test.mock.mockito.ResetMocksTestExecutionListener, org.springframework.boot.test.autoconfigure.restdocs.RestDocsTestExecutionListener, org.springframework.boot.test.autoconfigure.web.client.MockRestServiceServerResetTestExecutionListener, org.springframework.boot.test.autoconfigure.web.servlet.MockMvcPrintOnlyOnFailureTestExecutionListener, org.springframework.boot.test.autoconfigure.web.servlet.WebDriverTestExecutionListener, org.springframework.boot.test.autoconfigure.webservices.client.MockWebServiceServerTestExecutionListener, org.springframework.test.context.web.ServletTestExecutionListener, org.springframework.test.context.support.DirtiesContextBeforeModesTestExecutionListener, org.springframework.test.context.event.ApplicationEventsTestExecutionListener, org.springframework.test.context.support.DependencyInjectionTestExecutionListener, org.springframework.test.context.support.DirtiesContextTestExecutionListener, org.springframework.test.context.transaction.TransactionalTestExecutionListener, org.springframework.test.context.jdbc.SqlScriptsTestExecutionListener, org.springframework.test.context.event.EventPublishingTestExecutionListener]
2022-04-16 14:03:19.019  INFO 15056 --- [main] .b.t.c.SpringBootTestContextBootstrapper : Using TestExecutionListeners: [org.springframework.test.context.web.ServletTestExecutionListener@17b6ad97, org.springframework.test.context.support.DirtiesContextBeforeModesTestExecutionListener@44fb6ebd, org.springframework.test.context.event.ApplicationEventsTestExecutionListener@5da57a64, org.springframework.boot.test.mock.mockito.MockitoTestExecutionListener@5cdf221a, org.springframework.boot.test.autoconfigure.SpringBootDependencyInjectionTestExecutionListener@7e27f603, org.springframework.test.context.support.DirtiesContextTestExecutionListener@6136e1fc, org.springframework.test.context.event.EventPublishingTestExecutionListener@1736c1e4, org.springframework.boot.test.mock.mockito.ResetMocksTestExecutionListener@32dcfeea, org.springframework.boot.test.autoconfigure.restdocs.RestDocsTestExecutionListener@738a815c, org.springframework.boot.test.autoconfigure.web.client.MockRestServiceServerResetTestExecutionListener@2565a7d0, org.springframework.boot.test.autoconfigure.web.servlet.MockMvcPrintOnlyOnFailureTestExecutionListener@4fd7b79, org.springframework.boot.test.autoconfigure.web.servlet.WebDriverTestExecutionListener@5103eea2, org.springframework.boot.test.autoconfigure.webservices.client.MockWebServiceServerTestExecutionListener@762405bf]
